# JRE version: OpenJDK Runtime Environment (8.0_112-b05) (build 1.8.0_112-release-b05)
# Java VM: OpenJDK 64-Bit Server VM (25.112-b05 mixed mode bsd-amd64 compressed oops)
Heap:
 PSYoungGen      total 357376K, used 357364K [0x00000007a0000000, 0x00000007bd900000, 0x00000007c0000000)
  eden space 294400K, 100% used [0x00000007a0000000,0x00000007b1f80000,0x00000007b1f80000)
  from space 62976K, 99% used [0x00000007b1f80000,0x00000007b5cfd168,0x00000007b5d00000)
  to   space 80384K, 99% used [0x00000007b8a80000,0x00000007bd8fb338,0x00000007bd900000)
 ParOldGen       total 759808K, used 705280K [0x0000000760000000, 0x000000078e600000, 0x00000007a0000000)
  object space 759808K, 92% used [0x0000000760000000,0x000000078b0c0338,0x000000078e600000)
 Metaspace       used 78104K, capacity 85320K, committed 85504K, reserved 1124352K
  class space    used 9864K, capacity 10719K, committed 10752K, reserved 1048576K
GC Heap History (10 events):
Event: 555.746 GC heap after
Heap after GC invocations=93 (full 6):
 PSYoungGen      total 327680K, used 0K [0x00000007a0000000, 0x00000007b8380000, 0x00000007c0000000)
  eden space 295936K, 0% used [0x00000007a0000000,0x00000007a0000000,0x00000007b2100000)
  from space 31744K, 0% used [0x00000007b2100000,0x00000007b2100000,0x00000007b4000000)
  to   space 50176K, 0% used [0x00000007b5280000,0x00000007b5280000,0x00000007b8380000)
 ParOldGen       total 415232K, used 296673K [0x0000000760000000, 0x0000000779580000, 0x00000007a0000000)
  object space 415232K, 71% used [0x0000000760000000,0x00000007721b8540,0x0000000779580000)
 Metaspace       used 67929K, capacity 74688K, committed 74752K, reserved 1114112K
  class space    used 8674K, capacity 9461K, committed 9472K, reserved 1048576K
}
Event: 802.137 GC heap before
{Heap before GC invocations=94 (full 6):
 PSYoungGen      total 327680K, used 295936K [0x00000007a0000000, 0x00000007b8380000, 0x00000007c0000000)
  eden space 295936K, 100% used [0x00000007a0000000,0x00000007b2100000,0x00000007b2100000)
  from space 31744K, 0% used [0x00000007b2100000,0x00000007b2100000,0x00000007b4000000)
  to   space 50176K, 0% used [0x00000007b5280000,0x00000007b5280000,0x00000007b8380000)
 ParOldGen       total 415232K, used 296673K [0x0000000760000000, 0x0000000779580000, 0x00000007a0000000)
  object space 415232K, 71% used [0x0000000760000000,0x00000007721b8540,0x0000000779580000)
 Metaspace       used 73263K, capacity 80182K, committed 80384K, reserved 1120256K
  class space    used 9344K, capacity 10168K, committed 10240K, reserved 1048576K
Event: 802.174 GC heap after
Heap after GC invocations=94 (full 6):
 PSYoungGen      total 347136K, used 23523K [0x00000007a0000000, 0x00000007b8a80000, 0x00000007c0000000)
  eden space 296960K, 0% used [0x00000007a0000000,0x00000007a0000000,0x00000007b2200000)
  from space 50176K, 46% used [0x00000007b5280000,0x00000007b6978c10,0x00000007b8380000)
  to   space 49664K, 0% used [0x00000007b2200000,0x00000007b2200000,0x00000007b5280000)
 ParOldGen       total 415232K, used 296681K [0x0000000760000000, 0x0000000779580000, 0x00000007a0000000)
  object space 415232K, 71% used [0x0000000760000000,0x00000007721ba540,0x0000000779580000)
 Metaspace       used 73263K, capacity 80182K, committed 80384K, reserved 1120256K
  class space    used 9344K, capacity 10168K, committed 10240K, reserved 1048576K
}
Event: 804.847 GC heap before
{Heap before GC invocations=95 (full 6):
 PSYoungGen      total 347136K, used 320483K [0x00000007a0000000, 0x00000007b8a80000, 0x00000007c0000000)
  eden space 296960K, 100% used [0x00000007a0000000,0x00000007b2200000,0x00000007b2200000)
  from space 50176K, 46% used [0x00000007b5280000,0x00000007b6978c10,0x00000007b8380000)
  to   space 49664K, 0% used [0x00000007b2200000,0x00000007b2200000,0x00000007b5280000)
 ParOldGen       total 415232K, used 296681K [0x0000000760000000, 0x0000000779580000, 0x00000007a0000000)
  object space 415232K, 71% used [0x0000000760000000,0x00000007721ba540,0x0000000779580000)
 Metaspace       used 77407K, capacity 84616K, committed 84736K, reserved 1124352K
  class space    used 9857K, capacity 10719K, committed 10752K, reserved 1048576K
Event: 804.897 GC heap after
Heap after GC invocations=95 (full 6):
 PSYoungGen      total 346624K, used 27794K [0x00000007a0000000, 0x00000007b8c00000, 0x00000007c0000000)
  eden space 296960K, 0% used [0x00000007a0000000,0x00000007a0000000,0x00000007b2200000)
  from space 49664K, 55% used [0x00000007b2200000,0x00000007b3d24808,0x00000007b5280000)
  to   space 48128K, 0% used [0x00000007b5d00000,0x00000007b5d00000,0x00000007b8c00000)
 ParOldGen       total 415232K, used 296689K [0x0000000760000000, 0x0000000779580000, 0x00000007a0000000)
  object space 415232K, 71% used [0x0000000760000000,0x00000007721bc540,0x0000000779580000)
 Metaspace       used 77407K, capacity 84616K, committed 84736K, reserved 1124352K
  class space    used 9857K, capacity 10719K, committed 10752K, reserved 1048576K
}
Event: 807.919 GC heap before
{Heap before GC invocations=96 (full 6):
 PSYoungGen      total 346624K, used 324754K [0x00000007a0000000, 0x00000007b8c00000, 0x00000007c0000000)
  eden space 296960K, 100% used [0x00000007a0000000,0x00000007b2200000,0x00000007b2200000)
  from space 49664K, 55% used [0x00000007b2200000,0x00000007b3d24808,0x00000007b5280000)
  to   space 48128K, 0% used [0x00000007b5d00000,0x00000007b5d00000,0x00000007b8c00000)
 ParOldGen       total 415232K, used 296689K [0x0000000760000000, 0x0000000779580000, 0x00000007a0000000)
  object space 415232K, 71% used [0x0000000760000000,0x00000007721bc540,0x0000000779580000)
 Metaspace       used 77750K, capacity 85000K, committed 85248K, reserved 1124352K
  class space    used 9858K, capacity 10719K, committed 10752K, reserved 1048576K
Event: 808.064 GC heap after
Heap after GC invocations=96 (full 6):
 PSYoungGen      total 342528K, used 48105K [0x00000007a0000000, 0x00000007bb180000, 0x00000007c0000000)
  eden space 294400K, 0% used [0x00000007a0000000,0x00000007a0000000,0x00000007b1f80000)
  from space 48128K, 99% used [0x00000007b5d00000,0x00000007b8bfa480,0x00000007b8c00000)
  to   space 62976K, 0% used [0x00000007b1f80000,0x00000007b1f80000,0x00000007b5d00000)
 ParOldGen       total 415232K, used 323228K [0x0000000760000000, 0x0000000779580000, 0x00000007a0000000)
  object space 415232K, 77% used [0x0000000760000000,0x0000000773ba7138,0x0000000779580000)
 Metaspace       used 77750K, capacity 85000K, committed 85248K, reserved 1124352K
  class space    used 9858K, capacity 10719K, committed 10752K, reserved 1048576K
}
Event: 809.953 GC heap before
{Heap before GC invocations=97 (full 6):
 PSYoungGen      total 342528K, used 342505K [0x00000007a0000000, 0x00000007bb180000, 0x00000007c0000000)
  eden space 294400K, 100% used [0x00000007a0000000,0x00000007b1f80000,0x00000007b1f80000)
  from space 48128K, 99% used [0x00000007b5d00000,0x00000007b8bfa480,0x00000007b8c00000)
  to   space 62976K, 0% used [0x00000007b1f80000,0x00000007b1f80000,0x00000007b5d00000)
 ParOldGen       total 415232K, used 323228K [0x0000000760000000, 0x0000000779580000, 0x00000007a0000000)
  object space 415232K, 77% used [0x0000000760000000,0x0000000773ba7138,0x0000000779580000)
 Metaspace       used 77902K, capacity 85128K, committed 85248K, reserved 1124352K
  class space    used 9861K, capacity 10719K, committed 10752K, reserved 1048576K
Event: 810.107 GC heap after
Heap after GC invocations=97 (full 6):
 PSYoungGen      total 357376K, used 62964K [0x00000007a0000000, 0x00000007bd900000, 0x00000007c0000000)
  eden space 294400K, 0% used [0x00000007a0000000,0x00000007a0000000,0x00000007b1f80000)
  from space 62976K, 99% used [0x00000007b1f80000,0x00000007b5cfd168,0x00000007b5d00000)
  to   space 80384K, 0% used [0x00000007b8a80000,0x00000007b8a80000,0x00000007bd900000)
 ParOldGen       total 415232K, used 350282K [0x0000000760000000, 0x0000000779580000, 0x00000007a0000000)
  object space 415232K, 84% used [0x0000000760000000,0x0000000775612bb0,0x0000000779580000)
 Metaspace       used 77902K, capacity 85128K, committed 85248K, reserved 1124352K
  class space    used 9861K, capacity 10719K, committed 10752K, reserved 1048576K
}
Event: 811.735 GC heap before
{Heap before GC invocations=98 (full 6):
 PSYoungGen      total 357376K, used 357364K [0x00000007a0000000, 0x00000007bd900000, 0x00000007c0000000)
  eden space 294400K, 100% used [0x00000007a0000000,0x00000007b1f80000,0x00000007b1f80000)
  from space 62976K, 99% used [0x00000007b1f80000,0x00000007b5cfd168,0x00000007b5d00000)
  to   space 80384K, 0% used [0x00000007b8a80000,0x00000007b8a80000,0x00000007bd900000)
 ParOldGen       total 415232K, used 350282K [0x0000000760000000, 0x0000000779580000, 0x00000007a0000000)
  object space 415232K, 84% used [0x0000000760000000,0x0000000775612bb0,0x0000000779580000)
 Metaspace       used 78104K, capacity 85320K, committed 85504K, reserved 1124352K
  class space    used 9864K, capacity 10719K, committed 10752K, reserved 1048576K

